[2019-03-06 12:38:48,922][MainThread:17376][task_id:core.main][main.py:34][INFO][启动服务器]
[2019-03-06 12:39:31,235][MainThread:9792][task_id:core.main][main.py:36][INFO][创建用户]
[2019-03-06 12:40:47,698][MainThread:3468][task_id:core.main][main.py:39][INFO][创建用户]
[2019-03-06 12:44:47,050][MainThread:12708][task_id:core.main][main.py:39][INFO][创建用户]
[2019-03-06 12:44:54,002][MainThread:12708][task_id:core.main][main.py:39][INFO][创建用户]
[2019-03-06 12:45:24,233][MainThread:12708][task_id:core.main][main.py:37][INFO][启动服务器]
[2019-03-06 12:46:53,805][MainThread:1556][task_id:core.main][main.py:37][INFO][启动服务器]
[2019-03-06 12:47:10,642][MainThread:1556][task_id:core.server][server.py:28][INFO][输出客户端地址]
[2019-03-06 12:47:14,571][Thread-1:9476][task_id:core.server][server.py:254][INFO][    用户登录成功     ]
[2019-03-06 12:47:28,085][Thread-1:9476][task_id:core.server][server.py:77][INFO][getfile md5]
[2019-03-06 12:47:28,086][Thread-1:9476][task_id:core.server][server.py:73][INFO][readfile]
[2019-03-06 12:47:28,086][Thread-1:9476][task_id:core.server][server.py:200][INFO][    上传成功     ]
[2019-03-06 12:47:37,187][Thread-1:9476][task_id:core.server][server.py:77][INFO][getfile md5]
[2019-03-06 12:47:37,188][Thread-1:9476][task_id:core.server][server.py:73][INFO][readfile]
[2019-03-06 12:47:37,189][Thread-1:9476][task_id:core.server][server.py:105][INFO][断点和文件本身大小一样]
[2019-03-06 12:48:46,713][Thread-1:9476][task_id:core.server][server.py:186][WARNING][超出了用户的配额]
[2019-03-06 12:49:37,818][MainThread:17104][task_id:core.main][main.py:39][INFO][创建用户]
[2019-03-06 12:49:49,178][MainThread:1556][task_id:core.server][server.py:28][INFO][输出客户端地址]
[2019-03-06 12:49:52,211][Thread-2:14328][task_id:core.server][server.py:254][INFO][    用户登录成功     ]
[2019-03-06 12:50:03,463][Thread-2:14328][task_id:core.server][server.py:186][WARNING][超出了用户的配额]
[2019-03-06 12:50:18,385][MainThread:17104][task_id:core.main][main.py:39][INFO][创建用户]
[2019-03-06 12:50:26,953][MainThread:1556][task_id:core.server][server.py:28][INFO][输出客户端地址]
[2019-03-06 12:50:29,891][Thread-3:10692][task_id:core.server][server.py:254][INFO][    用户登录成功     ]
[2019-03-06 12:50:55,875][MainThread:17104][task_id:core.main][main.py:39][INFO][创建用户]
[2019-03-06 12:55:01,022][MainThread:1556][task_id:core.server][server.py:28][INFO][输出客户端地址]
[2019-03-06 12:55:04,691][Thread-4:11492][task_id:core.server][server.py:254][INFO][    用户登录成功     ]
[2019-03-06 13:18:55,754][MainThread:152][task_id:core.main][main.py:37][INFO][启动服务器]
[2019-03-06 13:19:41,924][MainThread:152][task_id:core.server][server.py:28][INFO][输出客户端地址]
[2019-03-06 13:19:46,282][Thread-1:16532][task_id:core.server][server.py:68][INFO][send]
[2019-03-06 13:19:48,347][Thread-1:16532][task_id:core.server][server.py:254][INFO][    用户登录成功     ]
[2019-03-07 09:23:24,506][MainThread:12232][task_id:core.main][main.py:43][INFO][启动服务器]
[2019-03-07 09:24:01,114][MainThread:15336][task_id:core.main][main.py:44][INFO][启动服务器]
[2019-03-07 09:32:22,216][MainThread:15336][task_id:core.server][server.py:28][INFO][输出客户端地址]
[2019-03-07 09:33:36,885][MainThread:15336][task_id:core.server][server.py:28][INFO][输出客户端地址]
[2019-03-07 09:34:22,146][MainThread:15336][task_id:core.server][server.py:28][INFO][输出客户端地址]
[2019-03-07 09:34:51,273][MainThread:15336][task_id:core.server][server.py:28][INFO][输出客户端地址]
[2019-03-07 09:35:51,939][MainThread:6096][task_id:core.main][main.py:44][INFO][启动服务器]
[2019-03-07 09:36:04,143][MainThread:6096][task_id:core.server][server.py:28][INFO][输出客户端地址]
[2019-03-07 09:37:41,335][MainThread:6096][task_id:core.server][server.py:28][INFO][输出客户端地址]
[2019-03-07 09:38:27,039][MainThread:6096][task_id:core.server][server.py:28][INFO][输出客户端地址]
[2019-03-07 09:38:34,880][MainThread:6096][task_id:core.server][server.py:28][INFO][输出客户端地址]
[2019-03-07 09:41:49,293][MainThread:6096][task_id:core.server][server.py:28][INFO][输出客户端地址]
[2019-03-07 09:42:48,336][MainThread:6096][task_id:core.server][server.py:28][INFO][输出客户端地址]
[2019-03-07 09:43:11,255][MainThread:6096][task_id:core.server][server.py:28][INFO][输出客户端地址]
[2019-03-07 09:45:48,123][MainThread:6096][task_id:core.server][server.py:28][INFO][输出客户端地址]
[2019-03-07 09:47:38,390][MainThread:6096][task_id:core.server][server.py:28][INFO][输出客户端地址]
[2019-03-07 10:02:33,586][MainThread:12896][task_id:core.main][main.py:44][INFO][启动服务器]
[2019-03-07 10:02:36,214][MainThread:12896][task_id:core.server][server.py:28][INFO][输出客户端地址]
[2019-03-07 10:04:04,823][MainThread:12896][task_id:core.server][server.py:28][INFO][输出客户端地址]
[2019-03-07 10:04:41,563][MainThread:12896][task_id:core.server][server.py:28][INFO][输出客户端地址]
[2019-03-07 10:06:21,449][MainThread:12896][task_id:core.server][server.py:28][INFO][输出客户端地址]
[2019-03-07 10:10:08,473][MainThread:12896][task_id:core.server][server.py:28][INFO][输出客户端地址]
[2019-03-07 10:17:36,123][MainThread:8936][task_id:core.main][main.py:59][INFO][启动服务器]
[2019-03-07 10:18:05,435][MainThread:3920][task_id:core.main][main.py:60][INFO][启动服务器]
[2019-03-07 10:18:28,699][MainThread:3920][task_id:core.server][server.py:28][INFO][输出客户端地址]
[2019-03-07 10:20:42,815][MainThread:3920][task_id:core.server][server.py:28][INFO][输出客户端地址]
[2019-03-07 10:21:21,532][MainThread:10336][task_id:core.main][main.py:59][INFO][启动服务器]
